[debug] [2019-09-09T20:21:41.059Z] ----------------------------------------------------------------------
[debug] [2019-09-09T20:21:41.062Z] Command:       C:\Program Files\nodejs\node.exe C:\Users\HP\AppData\Roaming\npm\node_modules\firebase-tools\lib\bin\firebase.js deploy
[debug] [2019-09-09T20:21:41.062Z] CLI Version:   7.2.2
[debug] [2019-09-09T20:21:41.063Z] Platform:      win32
[debug] [2019-09-09T20:21:41.063Z] Node Version:  v10.16.0
[debug] [2019-09-09T20:21:41.067Z] Time:          Mon Sep 09 2019 22:21:41 GMT+0200 (GMT+02:00)
[debug] [2019-09-09T20:21:41.067Z] ----------------------------------------------------------------------
[debug] 
[debug] [2019-09-09T20:21:41.076Z] > command requires scopes: ["email","openid","https://www.googleapis.com/auth/cloudplatformprojects.readonly","https://www.googleapis.com/auth/firebase","https://www.googleapis.com/auth/cloud-platform"]
[debug] [2019-09-09T20:21:41.077Z] > authorizing via signed-in user
[debug] [2019-09-09T20:21:41.077Z] [iam] checking project nieidzsamnaegzamin-3d87b for permissions ["firebase.projects.get","firebasehosting.sites.update"]
[debug] [2019-09-09T20:21:41.078Z] >>> HTTP REQUEST POST https://cloudresourcemanager.googleapis.com/v1/projects/nieidzsamnaegzamin-3d87b:testIamPermissions  

[debug] [2019-09-09T20:22:23.172Z] Error: connect ETIMEDOUT 216.58.215.74:443
    at TCPConnectWrap.afterConnect [as oncomplete] (net.js:1106:14)
[error] 
[error] Error: Server Error. connect ETIMEDOUT 216.58.215.74:443
[debug] [2019-09-09T20:23:58.654Z] ----------------------------------------------------------------------
[debug] [2019-09-09T20:23:58.656Z] Command:       C:\Program Files\nodejs\node.exe C:\Users\HP\AppData\Roaming\npm\node_modules\firebase-tools\lib\bin\firebase.js deploy
[debug] [2019-09-09T20:23:58.657Z] CLI Version:   7.2.2
[debug] [2019-09-09T20:23:58.657Z] Platform:      win32
[debug] [2019-09-09T20:23:58.657Z] Node Version:  v10.16.0
[debug] [2019-09-09T20:23:58.658Z] Time:          Mon Sep 09 2019 22:23:58 GMT+0200 (GMT+02:00)
[debug] [2019-09-09T20:23:58.658Z] ----------------------------------------------------------------------
[debug] 
[debug] [2019-09-09T20:23:58.666Z] > command requires scopes: ["email","openid","https://www.googleapis.com/auth/cloudplatformprojects.readonly","https://www.googleapis.com/auth/firebase","https://www.googleapis.com/auth/cloud-platform"]
[debug] [2019-09-09T20:23:58.666Z] > authorizing via signed-in user
[debug] [2019-09-09T20:23:58.666Z] [iam] checking project nieidzsamnaegzamin-3d87b for permissions ["firebase.projects.get","firebasehosting.sites.update"]
[debug] [2019-09-09T20:23:58.668Z] >>> HTTP REQUEST POST https://cloudresourcemanager.googleapis.com/v1/projects/nieidzsamnaegzamin-3d87b:testIamPermissions  

[debug] [2019-09-09T20:23:59.834Z] <<< HTTP RESPONSE 200
[debug] [2019-09-09T20:23:59.836Z] >>> HTTP REQUEST GET https://firebase.googleapis.com/v1beta1/projects/nieidzsamnaegzamin-3d87b  
 
[debug] [2019-09-09T20:24:00.102Z] <<< HTTP RESPONSE 200
[info] 
[info] === Deploying to 'nieidzsamnaegzamin-3d87b'...
[info] 
[info] i  deploying hosting
[debug] [2019-09-09T20:24:00.106Z] >>> HTTP REQUEST POST https://firebasehosting.googleapis.com/v1beta1/sites/nieidzsamnaegzamin-3d87b/versions  

[debug] [2019-09-09T20:24:01.767Z] <<< HTTP RESPONSE 502
[debug] [2019-09-09T20:24:01.767Z] <<< HTTP RESPONSE BODY <!DOCTYPE html>
<html lang=en>
  <meta charset=utf-8>
  <meta name=viewport content="initial-scale=1, minimum-scale=1, width=device-width">
  <title>Error 502 (Server Error)!!1</title>
  <style>
    *{margin:0;padding:0}html,code{font:15px/22px arial,sans-serif}html{background:#fff;color:#222;padding:15px}body{margin:7% auto 0;max-width:390px;min-height:180px;padding:30px 0 15px}* > body{background:url(//www.google.com/images/errors/robot.png) 100% 5px no-repeat;padding-right:205px}p{margin:11px 0 22px;overflow:hidden}ins{color:#777;text-decoration:none}a img{border:0}@media screen and (max-width:772px){body{background:none;margin-top:0;max-width:none;padding-right:0}}#logo{background:url(//www.google.com/images/branding/googlelogo/1x/googlelogo_color_150x54dp.png) no-repeat;margin-left:-5px}@media only screen and (min-resolution:192dpi){#logo{background:url(//www.google.com/images/branding/googlelogo/2x/googlelogo_color_150x54dp.png) no-repeat 0% 0%/100% 100%;-moz-border-image:url(//www.google.com/images/branding/googlelogo/2x/googlelogo_color_150x54dp.png) 0}}@media only screen and (-webkit-min-device-pixel-ratio:2){#logo{background:url(//www.google.com/images/branding/googlelogo/2x/googlelogo_color_150x54dp.png) no-repeat;-webkit-background-size:100% 100%}}#logo{display:inline-block;height:54px;width:150px}
  </style>
  <a href=//www.google.com/><span id=logo aria-label=Google></span></a>
  <p><b>502.</b> <ins>That’s an error.</ins>
  <p>The server encountered a temporary error and could not complete your request.<p>Please try again in 30 seconds.  <ins>That’s all we know.</ins>

[error] 
[error] Error: HTTP Error: 502, Unknown Error
[debug] [2019-09-09T20:24:01.926Z] Error Context: {
  "body": {
    "error": {
      "message": "Unknown Error"
    }
  },
  "response": {
    "statusCode": 502,
    "body": "<!DOCTYPE html>\n<html lang=en>\n  <meta charset=utf-8>\n  <meta name=viewport content=\"initial-scale=1, minimum-scale=1, width=device-width\">\n  <title>Error 502 (Server Error)!!1</title>\n  <style>\n    *{margin:0;padding:0}html,code{font:15px/22px arial,sans-serif}html{background:#fff;color:#222;padding:15px}body{margin:7% auto 0;max-width:390px;min-height:180px;padding:30px 0 15px}* > body{background:url(//www.google.com/images/errors/robot.png) 100% 5px no-repeat;padding-right:205px}p{margin:11px 0 22px;overflow:hidden}ins{color:#777;text-decoration:none}a img{border:0}@media screen and (max-width:772px){body{background:none;margin-top:0;max-width:none;padding-right:0}}#logo{background:url(//www.google.com/images/branding/googlelogo/1x/googlelogo_color_150x54dp.png) no-repeat;margin-left:-5px}@media only screen and (min-resolution:192dpi){#logo{background:url(//www.google.com/images/branding/googlelogo/2x/googlelogo_color_150x54dp.png) no-repeat 0% 0%/100% 100%;-moz-border-image:url(//www.google.com/images/branding/googlelogo/2x/googlelogo_color_150x54dp.png) 0}}@media only screen and (-webkit-min-device-pixel-ratio:2){#logo{background:url(//www.google.com/images/branding/googlelogo/2x/googlelogo_color_150x54dp.png) no-repeat;-webkit-background-size:100% 100%}}#logo{display:inline-block;height:54px;width:150px}\n  </style>\n  <a href=//www.google.com/><span id=logo aria-label=Google></span></a>\n  <p><b>502.</b> <ins>That’s an error.</ins>\n  <p>The server encountered a temporary error and could not complete your request.<p>Please try again in 30 seconds.  <ins>That’s all we know.</ins>\n",
    "headers": {
      "content-type": "text/html; charset=UTF-8",
      "referrer-policy": "no-referrer",
      "content-length": "1613",
      "date": "Mon, 09 Sep 2019 20:24:03 GMT",
      "alt-svc": "quic=\":443\"; ma=2592000; v=\"46,43,39\""
    },
    "request": {
      "uri": {
        "protocol": "https:",
        "slashes": true,
        "auth": null,
        "host": "firebasehosting.googleapis.com",
        "port": 443,
        "hostname": "firebasehosting.googleapis.com",
        "hash": null,
        "search": null,
        "query": null,
        "pathname": "/v1beta1/sites/nieidzsamnaegzamin-3d87b/versions",
        "path": "/v1beta1/sites/nieidzsamnaegzamin-3d87b/versions",
        "href": "https://firebasehosting.googleapis.com/v1beta1/sites/nieidzsamnaegzamin-3d87b/versions"
      },
      "method": "POST"
    }
  }
}
